\BOOKMARK [0][-]{chapter.5}{Control Flow}{}% 128
\BOOKMARK [1][-]{section.5.1}{Control Flow Concepts}{chapter.5}% 129
\BOOKMARK [2][-]{subsection.5.1.1}{Boolean Data}{section.5.1}% 130
\BOOKMARK [2][-]{subsection.5.1.2}{Branching}{section.5.1}% 131
\BOOKMARK [2][-]{subsection.5.1.3}{Looping}{section.5.1}% 132
\BOOKMARK [2][-]{subsection.5.1.4}{Jumping}{section.5.1}% 133
\BOOKMARK [2][-]{subsection.5.1.5}{Compound Statement}{section.5.1}% 134
\BOOKMARK [2][-]{subsection.5.1.6}{Statement \(Simple and Structured\)}{section.5.1}% 135
\BOOKMARK [2][-]{subsection.5.1.7}{Summary}{section.5.1}% 136
\BOOKMARK [1][-]{section.5.2}{Using these Concepts}{chapter.5}% 137
\BOOKMARK [2][-]{subsection.5.2.1}{Designing Guess that Number}{section.5.2}% 138
\BOOKMARK [2][-]{subsection.5.2.2}{Understanding Guess that Number}{section.5.2}% 139
\BOOKMARK [2][-]{subsection.5.2.3}{Choosing Artefacts for Guess that Number}{section.5.2}% 140
\BOOKMARK [2][-]{subsection.5.2.4}{Designing Control Flow for Perform Guess}{section.5.2}% 141
\BOOKMARK [2][-]{subsection.5.2.5}{Designing Control Flow for Play Game}{section.5.2}% 142
\BOOKMARK [2][-]{subsection.5.2.6}{Designing Control Flow for Print Line}{section.5.2}% 143
\BOOKMARK [2][-]{subsection.5.2.7}{Designing the Control Flow for Main}{section.5.2}% 144
\BOOKMARK [2][-]{subsection.5.2.8}{Writing the Code for Guess That Number}{section.5.2}% 145
\BOOKMARK [2][-]{subsection.5.2.9}{Compiling and Running Guess that Number}{section.5.2}% 146
\BOOKMARK [1][-]{section.5.3}{Control Flow in C}{chapter.5}% 147
\BOOKMARK [2][-]{subsection.5.3.1}{Implementing the Guess that Number in C}{section.5.3}% 148
\BOOKMARK [2][-]{subsection.5.3.2}{C Boolean Data}{section.5.3}% 149
\BOOKMARK [2][-]{subsection.5.3.3}{C Statement \(with loops\)}{section.5.3}% 150
\BOOKMARK [2][-]{subsection.5.3.4}{C If Statement}{section.5.3}% 151
\BOOKMARK [2][-]{subsection.5.3.5}{C Case Statement}{section.5.3}% 152
\BOOKMARK [2][-]{subsection.5.3.6}{C Compound Statement}{section.5.3}% 153
\BOOKMARK [2][-]{subsection.5.3.7}{C While Loop}{section.5.3}% 154
\BOOKMARK [2][-]{subsection.5.3.8}{C Do While Loop}{section.5.3}% 155
\BOOKMARK [2][-]{subsection.5.3.9}{Jump Statements}{section.5.3}% 156
\BOOKMARK [1][-]{section.5.4}{Understanding Control Flow}{chapter.5}% 157
\BOOKMARK [2][-]{subsection.5.4.1}{Understanding Branching in Perform Guess}{section.5.4}% 158
\BOOKMARK [2][-]{subsection.5.4.2}{Understanding Looping in Play Game}{section.5.4}% 159
\BOOKMARK [2][-]{subsection.5.4.3}{Understanding looping in Print Line}{section.5.4}% 160
\BOOKMARK [1][-]{section.5.5}{Control Flow Examples}{chapter.5}% 161
\BOOKMARK [1][-]{section.5.6}{Control Flow Exercises}{chapter.5}% 162
\BOOKMARK [1][-]{section.5.7}{Control Flow in the Project}{chapter.5}% 163
